<?xml version="1.0" encoding="UTF-8"?>
<testng-results total="1" passed="1" failed="0" skipped="0">
  <reporter-output>
  </reporter-output>
  <suite started-at="2018-08-22T06:04:11Z" name="Suite" finished-at="2018-08-22T06:04:30Z" duration-ms="19709">
    <groups>
    </groups>
    <test started-at="2018-08-22T06:04:11Z" name="Test" finished-at="2018-08-22T06:04:30Z" duration-ms="19709">
      <class name="test.Newtest">
        <test-method is-config="true" signature="beforeClass()[pri:0, instance:test.Newtest@7a8c8dcf]" started-at="2018-08-22T11:34:11Z" name="beforeClass" finished-at="2018-08-22T11:34:15Z" duration-ms="4638" status="PASS">
          <reporter-output>
          </reporter-output>
        </test-method> <!-- beforeClass -->
        <test-method signature="openMyBlog()[pri:0, instance:test.Newtest@7a8c8dcf]" started-at="2018-08-22T11:34:15Z" name="openMyBlog" finished-at="2018-08-22T11:34:30Z" duration-ms="14424" status="PASS">
          <reporter-output>
          </reporter-output>
        </test-method> <!-- openMyBlog -->
        <test-method is-config="true" signature="afterClass()[pri:0, instance:test.Newtest@7a8c8dcf]" started-at="2018-08-22T11:34:30Z" name="afterClass" finished-at="2018-08-22T11:34:30Z" duration-ms="631" status="PASS">
          <reporter-output>
          </reporter-output>
        </test-method> <!-- afterClass -->
      </class> <!-- test.Newtest -->
    </test> <!-- Test -->
  </suite> <!-- Suite -->
</testng-results>
