<?xml version="1.0" encoding="UTF-8"?>
<testng-results total="1" passed="1" failed="0" skipped="0">
  <reporter-output>
  </reporter-output>
  <suite started-at="2018-10-08T09:57:02Z" name="Suite" finished-at="2018-10-08T09:57:09Z" duration-ms="6595">
    <groups>
    </groups>
    <test started-at="2018-10-08T09:57:02Z" name="Test" finished-at="2018-10-08T09:57:09Z" duration-ms="6595">
      <class name="GOIS.App">
        <test-method signature="TestMavenJenkinsGit()[pri:0, instance:GOIS.App@6ad82709]" started-at="2018-10-08T15:27:02Z" name="TestMavenJenkinsGit" finished-at="2018-10-08T15:27:09Z" duration-ms="6577" status="PASS">
          <reporter-output>
          </reporter-output>
        </test-method> <!-- TestMavenJenkinsGit -->
      </class> <!-- GOIS.App -->
    </test> <!-- Test -->
  </suite> <!-- Suite -->
</testng-results>
